0.950000   0.680000   0.450000   0.890000   0.240000   0.200000   0.590000   0.110000   0.670000   0.160000   0.650000   0.870000   0.730000   0.610000   0.850000   0.840000   0.710000   0.720000   0.890000   0.210000   0.840000   0.700000   0.870000   0.590000   0.220000   
0.956347   0.690273   0.460178   0.904943   0.312424   0.203737   0.596047   0.115992   0.678797   0.277216   0.655121   0.878288   0.738212   0.622057   0.966137   0.846543   0.720589   0.730492   0.905403   0.380510   -0.182516   -0.290611   -0.355440   -0.428813   -1.450978   
0.956659   0.690721   0.460611   0.905552   0.318461   0.204163   0.596662   0.116585   0.679632   0.285910   0.655667   0.879074   0.738970   0.623124   0.974528   0.846904   0.721110   0.730994   0.906111   0.392320   -0.246758   -0.354643   -0.433448   -0.495461   -1.554733   
0.957098   0.691319   0.461192   0.906335   0.324679   0.204725   0.597426   0.117327   0.680632   0.294370   0.656039   0.879580   0.739462   0.623787   0.982744   0.847155   0.721451   0.731326   0.906558   0.403393   -0.300774   -0.408501   -0.498959   -0.551792   -1.642238   
0.957254   0.691529   0.461395   0.906608   0.326400   0.204828   0.597565   0.117462   0.680813   0.296691   0.656108   0.879674   0.739553   0.623909   0.984998   0.847203   0.721515   0.731388   0.906641   0.406407   -0.315002   -0.422592   -0.516204   -0.566576   -1.665331   
0.957408   0.691735   0.461595   0.906873   0.328984   0.204933   0.597704   0.117597   0.680992   0.300125   0.656179   0.879768   0.739645   0.624030   0.988331   0.847320   0.721672   0.731540   0.906843   0.410831   -0.334807   -0.442169   -0.540372   -0.587129   -1.697781   
0.957595   0.691976   0.461830   0.907181   0.333593   0.205059   0.597868   0.117756   0.681201   0.306109   0.656390   0.880041   0.739909   0.624378   0.994133   0.847496   0.721900   0.731761   0.907133   0.418455   -0.366798   -0.473865   -0.579621   -0.620284   -1.750467   
0.957633   0.692025   0.461877   0.907243   0.334982   0.205122   0.597950   0.117836   0.681304   0.307897   0.656443   0.880110   0.739976   0.624464   0.995876   0.847530   0.721943   0.731803   0.907188   0.420726   -0.376080   -0.483106   -0.591063   -0.629951   -1.765881   
0.957760   0.692188   0.462036   0.907448   0.337774   0.205229   0.598086   0.117968   0.681475   0.311464   0.656509   0.880195   0.740059   0.624572   0.999346   0.847631   0.722073   0.731929   0.907351   0.425211   -0.394093   -0.500952   -0.613150   -0.648686   -1.795576   
0.957848   0.692300   0.462144   0.907588   0.340089   0.205284   0.598156   0.118036   0.681563   0.314397   0.656594   0.880302   0.740163   0.624706   1.002195   0.847695   0.722153   0.732007   0.907452   0.428887   -0.408441   -0.515173   -0.630793   -0.663579   -1.819290   
0.957889   0.692352   0.462195   0.907652   0.341803   0.205347   0.598235   0.118113   0.681662   0.316554   0.656641   0.880361   0.740220   0.624779   1.004297   0.847742   0.722212   0.732065   0.907526   0.431582   -0.418714   -0.525384   -0.643471   -0.674280   -1.836370   
0.957871   0.692329   0.462173   0.907624   0.341309   0.205333   0.598218   0.118096   0.681640   0.315931   0.656627   0.880344   0.740204   0.624758   1.003692   0.847728   0.722194   0.732048   0.907503   0.430803   -0.415710   -0.522406   -0.639775   -0.671156   -1.831401   
0.957643   0.692031   0.461884   0.907243   0.332982   0.205105   0.597920   0.117808   0.681260   0.305057   0.656389   0.880034   0.739903   0.624361   0.993153   0.847413   0.721783   0.731649   0.906978   0.416904   -0.356690   -0.463860   -0.567099   -0.609771   -1.733756   
0.957676   0.692074   0.461925   0.907297   0.334179   0.205139   0.597964   0.117850   0.681316   0.306614   0.656435   0.880092   0.739959   0.624436   0.994649   0.847514   0.721915   0.731776   0.907145   0.418881   -0.365167   -0.472251   -0.577465   -0.618571   -1.747576   
0.957325   0.691553   0.461425   0.906574   0.321880   0.204674   0.597274   0.117187   0.680357   0.288356   0.655394   0.878548   0.738476   0.622292   0.977115   0.847042   0.721214   0.731102   0.906172   0.393533   -0.222676   -0.330102   -0.402762   -0.470577   -1.514894   
0.957275   0.691188   0.461074   0.905864   0.320549   0.204562   0.596458   0.116404   0.678769   0.278713   0.655343   0.878178   0.738121   0.621571   0.967860   0.846829   0.719671   0.729621   0.903167   0.374755   -0.017573   -0.126664   -0.155861   -0.256674   -1.189799   
0.957629   0.691865   0.461689   0.906891   0.324739   0.204722   0.596765   0.116683   0.679235   0.286710   0.656014   0.879457   0.739284   0.623513   0.975129   0.847834   0.721590   0.731366   0.906081   0.386896   -0.122159   -0.229723   -0.278273   -0.363838   -1.345421   
0.957904   0.691840   0.461646   0.906512   0.331881   0.205865   0.596663   0.116504   0.677654   0.286073   0.657727   0.879304   0.739015   0.621142   0.974010   0.848493   0.721531   0.731263   0.905169   0.377016   0.094741   -0.008604   -0.019509   -0.137075   -1.012997   
0.958847   0.693761   0.463411   0.909514   0.337780   0.207281   0.599545   0.119150   0.682158   0.298080   0.658272   0.880412   0.740033   0.622874   0.985036   0.850151   0.724905   0.734361   0.910443   0.395783   -0.100013   -0.202779   -0.241339   -0.341108   -1.292361   
0.959241   0.694449   0.464026   0.910550   0.339419   0.207432   0.599809   0.119387   0.682557   0.300944   0.658733   0.881217   0.740753   0.624087   0.987599   0.850341   0.725237   0.734658   0.910943   0.400098   -0.139753   -0.242292   -0.286568   -0.381850   -1.348740   
0.959087   0.694059   0.463655   0.909871   0.337752   0.206964   0.598622   0.118258   0.680489   0.296720   0.658539   0.880727   0.740287   0.623233   0.983582   0.850180   0.724828   0.734269   0.910230   0.392740   -0.063717   -0.164675   -0.197043   -0.300962   -1.232814   
0.959298   0.694514   0.464071   0.910601   0.338502   0.207051   0.598810   0.118430   0.680791   0.298340   0.658612   0.880884   0.740431   0.623485   0.985063   0.850306   0.725100   0.734518   0.910667   0.395340   -0.091024   -0.191400   -0.227933   -0.329099   -1.271933   
0.959503   0.694878   0.464403   0.911161   0.340274   0.207222   0.599114   0.118707   0.681258   0.301475   0.658909   0.881411   0.740911   0.624296   0.987921   0.850531   0.725499   0.734881   0.911280   0.400168   -0.131356   -0.231578   -0.275221   -0.370742   -1.332527   
0.960029   0.695655   0.465122   0.912251   0.345697   0.208134   0.600461   0.119953   0.683148   0.309492   0.659598   0.882429   0.741853   0.625725   0.995340   0.851095   0.726332   0.735652   0.912450   0.411414   -0.207188   -0.307845   -0.364702   -0.450075   -1.448336   
0.959519   0.694280   0.463840   0.909834   0.342664   0.207748   0.599422   0.118985   0.681321   0.301312   0.659283   0.881578   0.741060   0.624228   0.987714   0.850921   0.725863   0.735215   0.911624   0.397026   -0.060194   -0.161597   -0.192488   -0.297249   -1.224671   
0.959931   0.695013   0.464510   0.910944   0.345909   0.208086   0.600022   0.119533   0.682230   0.307084   0.659469   0.881910   0.741363   0.624730   0.992989   0.851560   0.727000   0.736254   0.913346   0.405768   -0.133200   -0.233470   -0.277585   -0.372820   -1.334237   
0.230000   0.870000   0.930000   0.660000   0.270000   0.140000   0.680000   0.110000   0.580000   0.310000   0.510000   0.200000   0.670000   0.130000   0.910000   0.920000   0.560000   0.580000   0.890000   0.300000   0.760000   0.270000   0.480000   0.150000   0.220000   
0.233488   0.888847   0.944507   0.682402   0.309796   0.142053   0.691095   0.118540   0.593188   0.525051   0.512814   0.215206   0.681705   0.148075   1.075532   0.923595   0.579427   0.594954   0.913092   0.555617   -0.114525   -0.628497   -0.607882   -0.745516   -1.231113   
0.233570   0.889203   0.944779   0.682818   0.311394   0.142166   0.691584   0.118914   0.593758   0.531960   0.512958   0.215831   0.682182   0.148803   1.080814   0.923691   0.579841   0.595270   0.913575   0.563682   -0.142946   -0.659525   -0.644130   -0.776825   -1.277957   
0.233743   0.889832   0.945270   0.683549   0.313837   0.142387   0.692388   0.119541   0.594692   0.540862   0.513105   0.216364   0.682598   0.149422   1.087758   0.923789   0.580201   0.595551   0.913992   0.574022   -0.177441   -0.697809   -0.688492   -0.815335   -1.335374   
0.233763   0.889905   0.945327   0.683633   0.314061   0.142400   0.692436   0.119578   0.594748   0.541666   0.513114   0.216396   0.682623   0.149460   1.088384   0.923796   0.580223   0.595568   0.914018   0.574956   -0.180511   -0.701236   -0.692471   -0.818779   -1.340523   
0.233818   0.890096   0.945477   0.683853   0.314979   0.142437   0.692565   0.119680   0.594897   0.544852   0.513139   0.216483   0.682692   0.149561   1.090886   0.923837   0.580368   0.595682   0.914186   0.578630   -0.192334   -0.714286   -0.707694   -0.831964   -1.360350   
0.233912   0.890396   0.945714   0.684198   0.317302   0.142501   0.692768   0.119840   0.595130   0.552282   0.513245   0.216822   0.682959   0.149950   1.096749   0.923926   0.580651   0.595906   0.914511   0.587153   -0.218611   -0.743093   -0.741494   -0.861094   -1.404471   
0.233925   0.890438   0.945747   0.684246   0.317794   0.142524   0.692839   0.119896   0.595211   0.553825   0.513264   0.216881   0.683006   0.150017   1.097979   0.923938   0.580688   0.595935   0.914553   0.588923   -0.223990   -0.749023   -0.748426   -0.867086   -1.413558   
0.233990   0.890632   0.945902   0.684467   0.319208   0.142577   0.693001   0.120026   0.595396   0.558065   0.513297   0.216983   0.683087   0.150133   1.101362   0.923989   0.580843   0.596058   0.914730   0.593767   -0.238580   -0.765150   -0.767237   -0.883393   -1.438128   
0.234036   0.890766   0.946009   0.684620   0.320411   0.142606   0.693084   0.120092   0.595492   0.561576   0.513341   0.217111   0.683189   0.150279   1.104161   0.924022   0.580939   0.596135   0.914840   0.597771   -0.250382   -0.778152   -0.782472   -0.896539   -1.458037   
0.234057   0.890825   0.946056   0.684687   0.321279   0.142638   0.693175   0.120165   0.595595   0.564055   0.513365   0.217179   0.683244   0.150357   1.106156   0.924046   0.581007   0.596190   0.914917   0.600592   -0.258600   -0.787215   -0.793063   -0.905712   -1.471928   
0.234040   0.890776   0.946017   0.684631   0.320812   0.142625   0.693138   0.120136   0.595553   0.562708   0.513352   0.217142   0.683214   0.150314   1.105078   0.924033   0.580969   0.596159   0.914873   0.599058   -0.254089   -0.782234   -0.787240   -0.900672   -1.464314   
0.233911   0.890333   0.945667   0.684122   0.316126   0.142497   0.692695   0.119786   0.595043   0.546516   0.513219   0.216680   0.682850   0.149783   1.092305   0.923856   0.580356   0.595676   0.914169   0.580440   -0.194852   -0.717072   -0.711026   -0.834641   -1.364596   
0.233929   0.890391   0.945713   0.684188   0.316758   0.142515   0.692755   0.119834   0.595112   0.548650   0.513242   0.216760   0.682913   0.149875   1.093980   0.923909   0.580537   0.595817   0.914375   0.582879   -0.202736   -0.725635   -0.721045   -0.843353   -1.377638   
0.233828   0.889531   0.945075   0.683164   0.313244   0.142382   0.691615   0.118988   0.593755   0.518497   0.512945   0.214209   0.681021   0.146839   1.071613   0.923774   0.579379   0.594959   0.912997   0.546985   -0.062937   -0.573170   -0.541887   -0.689223   -1.144851   
0.234224   0.888569   0.944455   0.681930   0.323705   0.143267   0.689464   0.117601   0.590994   0.493076   0.513347   0.213233   0.680391   0.145586   1.055219   0.925448   0.575312   0.592335   0.907776   0.514353   0.138021   -0.356755   -0.291723   -0.468354   -0.822204   
0.234139   0.890040   0.945435   0.683709   0.322698   0.143228   0.690132   0.118046   0.591801   0.510462   0.513186   0.216015   0.682246   0.148949   1.066810   0.925206   0.579484   0.595117   0.912821   0.535377   0.026318   -0.472723   -0.427704   -0.586826   -0.992032   
0.234838   0.889358   0.945090   0.682720   0.340905   0.146141   0.687290   0.116608   0.587683   0.492700   0.517555   0.211752   0.680089   0.142772   1.057821   0.926887   0.577845   0.594288   0.910446   0.509636   0.237558   -0.246812   -0.164941   -0.359772   -0.660511   
0.234331   0.893262   0.947697   0.687527   0.337737   0.145381   0.693146   0.120518   0.594893   0.517101   0.517263   0.214004   0.681593   0.145544   1.074116   0.925997   0.584701   0.598866   0.918887   0.539677   0.052286   -0.447081   -0.388635   -0.562583   -0.935804   
0.234285   0.894610   0.948539   0.689205   0.337547   0.145364   0.693665   0.120842   0.595538   0.522717   0.517210   0.215582   0.682578   0.147510   1.077622   0.925975   0.585353   0.599273   0.919698   0.546671   0.014961   -0.487602   -0.435529   -0.602914   -0.992418   
0.234511   0.893701   0.947926   0.688037   0.339993   0.146051   0.690896   0.118977   0.591983   0.512865   0.517493   0.214440   0.681808   0.146042   1.070983   0.926212   0.584398   0.598630   0.918472   0.534020   0.089573   -0.404382   -0.342346   -0.519648   -0.874747   
0.234354   0.894625   0.948515   0.689207   0.339433   0.145986   0.691278   0.119220   0.592466   0.516153   0.517439   0.214758   0.682011   0.146445   1.073081   0.926118   0.584951   0.598982   0.919172   0.538183   0.064743   -0.431938   -0.373574   -0.547214   -0.912821   
0.234314   0.895386   0.949024   0.690146   0.339087   0.145952   0.691914   0.119644   0.593251   0.522718   0.517381   0.215861   0.682747   0.147806   1.077461   0.926074   0.585784   0.599539   0.920200   0.546279   0.023399   -0.476314   -0.425060   -0.591859   -0.977190   
0.234442   0.896706   0.949971   0.691733   0.340412   0.146175   0.694202   0.121288   0.596002   0.536340   0.517549   0.217591   0.683989   0.149885   1.087244   0.926212   0.587201   0.600556   0.921903   0.562655   -0.049565   -0.556096   -0.516273   -0.671965   -1.092321   
0.235256   0.893508   0.947907   0.687588   0.345259   0.146790   0.691784   0.119727   0.592869   0.517302   0.518053   0.215611   0.682711   0.147320   1.074955   0.926490   0.586108   0.599851   0.920487   0.537983   0.091383   -0.398662   -0.336159   -0.514934   -0.866340   
0.235194   0.894939   0.948886   0.689339   0.344771   0.146740   0.692957   0.120529   0.594302   0.528573   0.518025   0.216258   0.683154   0.148111   1.082664   0.926394   0.588329   0.601369   0.923203   0.551771   0.019083   -0.476579   -0.425277   -0.593933   -0.978213   
